<?xml version="1.0" encoding="UTF-8"?>
<!-- Generated by org.testng.reporters.JUnitXMLReporter -->
<testsuite ignored="2" hostname="Preeti" failures="0" tests="4" name="Default test" time="19.226" errors="0" timestamp="2023-07-03T15:48:32 PDT">
  <testcase classname="com.test.tests.TekarchEnd2EndTestScript" name="login" time="1.667"/>
  <testcase classname="com.test.tests.TekarchEnd2EndTestScript" name="addUsers" time="1.994"/>
  <testcase classname="com.test.tests.TekarchEnd2EndTestScript" name="updateUser" time="14.68"/>
  <testcase classname="com.test.tests.TekarchEnd2EndTestScript" name="deleteUser" time="0.215"/>
  <testcase classname="com.test.tests.TekarchEnd2EndTestScript" name="getUsers" time="0.0">
    <ignored/>
  </testcase> <!-- getUsers -->
  <testcase classname="com.test.tests.TekarchEnd2EndTestScript" name="getAllAccountNoForUser" time="0.0">
    <ignored/>
  </testcase> <!-- getAllAccountNoForUser -->
</testsuite> <!-- Default test -->
