<?xml version="1.0" encoding="UTF-8"?>
<testng-results ignored="2" total="6" passed="4" failed="0" skipped="0">
  <reporter-output>
  </reporter-output>
  <suite started-at="2023-07-03T15:48:13 PDT" name="Default suite" finished-at="2023-07-03T15:48:32 PDT" duration-ms="19226">
    <groups>
    </groups>
    <test started-at="2023-07-03T15:48:13 PDT" name="Default test" finished-at="2023-07-03T15:48:32 PDT" duration-ms="19226">
      <class name="com.test.tests.TekarchEnd2EndTestScript">
        <test-method is-config="true" signature="setBaseUri()[pri:0, instance:com.test.tests.TekarchEnd2EndTestScript@4659191b]" started-at="2023-07-03T15:48:13 PDT" name="setBaseUri" finished-at="2023-07-03T15:48:14 PDT" duration-ms="633" status="PASS">
          <reporter-output>
          </reporter-output>
        </test-method> <!-- setBaseUri -->
        <test-method signature="login()[pri:1, instance:com.test.tests.TekarchEnd2EndTestScript@4659191b]" started-at="2023-07-03T15:48:14 PDT" name="login" finished-at="2023-07-03T15:48:15 PDT" duration-ms="1667" status="PASS">
          <reporter-output>
          </reporter-output>
        </test-method> <!-- login -->
        <test-method signature="addUsers()[pri:3, instance:com.test.tests.TekarchEnd2EndTestScript@4659191b]" started-at="2023-07-03T15:48:15 PDT" name="addUsers" finished-at="2023-07-03T15:48:17 PDT" duration-ms="1994" status="PASS">
          <reporter-output>
          </reporter-output>
        </test-method> <!-- addUsers -->
        <test-method signature="updateUser()[pri:4, instance:com.test.tests.TekarchEnd2EndTestScript@4659191b]" started-at="2023-07-03T15:48:17 PDT" name="updateUser" finished-at="2023-07-03T15:48:32 PDT" duration-ms="14680" status="PASS">
          <reporter-output>
          </reporter-output>
        </test-method> <!-- updateUser -->
        <test-method signature="deleteUser()[pri:5, instance:com.test.tests.TekarchEnd2EndTestScript@4659191b]" started-at="2023-07-03T15:48:32 PDT" name="deleteUser" finished-at="2023-07-03T15:48:32 PDT" duration-ms="215" status="PASS">
          <reporter-output>
          </reporter-output>
        </test-method> <!-- deleteUser -->
      </class> <!-- com.test.tests.TekarchEnd2EndTestScript -->
    </test> <!-- Default test -->
  </suite> <!-- Default suite -->
</testng-results>
